[debug] [2021-10-21T10:14:28.613Z] ----------------------------------------------------------------------
[debug] [2021-10-21T10:14:28.616Z] Command:       /usr/local/bin/firebase /Users/rahulvirani/.cache/firebase/tools/lib/node_modules/firebase-tools/lib/bin/firebase init
[debug] [2021-10-21T10:14:28.616Z] CLI Version:   9.20.0
[debug] [2021-10-21T10:14:28.616Z] Platform:      darwin
[debug] [2021-10-21T10:14:28.616Z] Node Version:  v12.18.1
[debug] [2021-10-21T10:14:28.624Z] Time:          Thu Oct 21 2021 15:44:28 GMT+0530 (India Standard Time)
[debug] [2021-10-21T10:14:28.624Z] ----------------------------------------------------------------------
[debug] 
[debug] [2021-10-21T10:14:28.628Z] >>> [apiv2][query] GET https://firebase-public.firebaseio.com/cli.json [none]
[debug] [2021-10-21T10:14:28.652Z] > command requires scopes: ["email","openid","https://www.googleapis.com/auth/cloudplatformprojects.readonly","https://www.googleapis.com/auth/firebase","https://www.googleapis.com/auth/cloud-platform"]
[debug] [2021-10-21T10:14:28.653Z] > authorizing via signed-in user (rahulsvirani25@gmail.com)
[info] 
     ######## #### ########  ######## ########     ###     ######  ########
     ##        ##  ##     ## ##       ##     ##  ##   ##  ##       ##
     ######    ##  ########  ######   ########  #########  ######  ######
     ##        ##  ##    ##  ##       ##     ## ##     ##       ## ##
     ##       #### ##     ## ######## ########  ##     ##  ######  ########

You're about to initialize a Firebase project in this directory:

  /Users/rahulvirani/Desktop/React/admin-dashboard-v2

[debug] [2021-10-21T10:14:29.541Z] <<< [apiv2][status] GET https://firebase-public.firebaseio.com/cli.json 200
[debug] [2021-10-21T10:14:29.541Z] <<< [apiv2][body] GET https://firebase-public.firebaseio.com/cli.json {"cloudBuildErrorAfter":1594252800000,"cloudBuildWarnAfter":1590019200000,"defaultNode10After":1594252800000,"minVersion":"3.0.5","node8DeploysDisabledAfter":1613390400000,"node8RuntimeDisabledAfter":1615809600000,"node8WarnAfter":1600128000000}
[debug] [2021-10-21T14:23:15.400Z] Error: write EIO
    at afterWriteDispatched (internal/stream_base_commons.js:154:25)
    at writeGeneric (internal/stream_base_commons.js:145:3)
    at WriteStream.Socket._writeGeneric (net.js:786:11)
    at WriteStream.Socket._write (net.js:798:8)
    at doWrite (_stream_writable.js:403:12)
    at writeOrBuffer (_stream_writable.js:387:5)
    at WriteStream.Writable.write (_stream_writable.js:318:11)
    at EventEmitter.signalExit.alwaysLast (/Users/rahulvirani/.cache/firebase/tools/lib/node_modules/restore-cursor/index.js:7:18)
    at EventEmitter.emit (events.js:315:20)
    at EventEmitter.emit (domain.js:482:12)
    at emit (/Users/rahulvirani/.cache/firebase/tools/lib/node_modules/signal-exit/index.js:87:13)
    at process.listener (/Users/rahulvirani/.cache/firebase/tools/lib/node_modules/signal-exit/index.js:106:9)
    at process.emit (events.js:315:20)
